0 info it worked if it ends with ok
1 verbose cli [ 'G:\\nodejs\\node.exe',
1 verbose cli   'G:\\nodejs\\node_modules\\npm\\bin\\npm-cli.js',
1 verbose cli   'start' ]
2 info using npm@3.10.9
3 info using node@v6.9.2
4 verbose run-script [ 'prestart', 'start', 'poststart' ]
5 info lifecycle work@1.0.0~prestart: work@1.0.0
6 silly lifecycle work@1.0.0~prestart: no script for prestart, continuing
7 info lifecycle work@1.0.0~start: work@1.0.0
8 verbose lifecycle work@1.0.0~start: unsafe-perm in lifecycle true
9 verbose lifecycle work@1.0.0~start: PATH: G:\nodejs\node_modules\npm\bin\node-gyp-bin;G:\wamp\wamp\www\work\node_modules\.bin;C:\Windows\system32;C:\Windows;C:\Windows\System32\Wbem;C:\Windows\System32\WindowsPowerShell\v1.0\;C:\Program Files\TortoiseSVN\bin;G:\nodejs\;C:\Program Files\Git\cmd;C:\Program Files\Git\mingw64\bin;C:\Program Files\Git\usr\bin;C:\Users\Administrator\AppData\Local\Microsoft\WindowsApps;C:\Users\Administrator\AppData\Roaming\npm;C:\Program Files (x86)\Tencent\QQ\Bin
10 verbose lifecycle work@1.0.0~start: CWD: G:\wamp\wamp\www\work
11 silly lifecycle work@1.0.0~start: Args: [ '/d /s /c', 'node server.js' ]
12 silly lifecycle work@1.0.0~start: Returned: code: 3221225786  signal: null
13 info lifecycle work@1.0.0~start: Failed to exec start script
14 verbose stack Error: work@1.0.0 start: `node server.js`
14 verbose stack Exit status 3221225786
14 verbose stack     at EventEmitter.<anonymous> (G:\nodejs\node_modules\npm\lib\utils\lifecycle.js:255:16)
14 verbose stack     at emitTwo (events.js:106:13)
14 verbose stack     at EventEmitter.emit (events.js:191:7)
14 verbose stack     at ChildProcess.<anonymous> (G:\nodejs\node_modules\npm\lib\utils\spawn.js:40:14)
14 verbose stack     at emitTwo (events.js:106:13)
14 verbose stack     at ChildProcess.emit (events.js:191:7)
14 verbose stack     at maybeClose (internal/child_process.js:877:16)
14 verbose stack     at Process.ChildProcess._handle.onexit (internal/child_process.js:226:5)
15 verbose pkgid work@1.0.0
16 verbose cwd G:\wamp\wamp\www\work
17 error Windows_NT 10.0.14393
18 error argv "G:\\nodejs\\node.exe" "G:\\nodejs\\node_modules\\npm\\bin\\npm-cli.js" "start"
19 error node v6.9.2
20 error npm  v3.10.9
21 error code ELIFECYCLE
22 error work@1.0.0 start: `node server.js`
22 error Exit status 3221225786
23 error Failed at the work@1.0.0 start script 'node server.js'.
23 error Make sure you have the latest version of node.js and npm installed.
23 error If you do, this is most likely a problem with the work package,
23 error not with npm itself.
23 error Tell the author that this fails on your system:
23 error     node server.js
23 error You can get information on how to open an issue for this project with:
23 error     npm bugs work
23 error Or if that isn't available, you can get their info via:
23 error     npm owner ls work
23 error There is likely additional logging output above.
24 verbose exit [ 1, true ]
